Started by user anonymous
Building in workspace /home/nathan.caron/.jenkins/jobs/Compiling/workspace
[workspace] $ /bin/bash /tmp/hudson5406795491601271448.sh
/home/nathan.caron/ccm_wa/wcsu/deps=nathan.caron/deps/SymbolGenerator/cpp/Pixma
pTracker.cpp:18:34: fatal error: SymbologyParams_t.pb.h: No such file or direct
ory
 #include "SymbologyParams_t.pb.h"
                                  ^
compilation terminated.
make[1]: *** [/home/nathan.caron/ccm_wa/wcsu/deps=nathan.caron/deps/SymbolGener
ator/obj/PixmapTracker.o] Error 1
make[1]: *** Waiting for unfinished jobs....
/home/nathan.caron/ccm_wa/wcsu/deps=nathan.caron/deps/SymbolGenerator/cpp/Symbo
logyAbstraction.cpp:21:29: fatal error: api/ContactIcon.h: No such file or dire
ctory
 #include "api/ContactIcon.h"
                             ^
compilation terminated.
make[1]: *** [/home/nathan.caron/ccm_wa/wcsu/deps=nathan.caron/deps/SymbolGener
ator/obj/SymbologyAbstraction.o] Error 1
make: *** [/home/nathan.caron/ccm_wa/wcsu/deps=nathan.caron/deps/SymbolGenerato
r/] Error 2
Failure in: /home/nathan.caron/ccm_wa/wcsu/deps=nathan.caron/deps
/home/nathan.caron/ccm_wa/wcsu/deps=nathan.caron/deps/SymbolGenerator/cpp/Pixma
pTracker.cpp:18:34: fatal error: SymbologyParams_t.pb.h: No such file or direct
ory
 #include "SymbologyParams_t.pb.h"
                                  ^
compilation terminated.
make: *** [/home/nathan.caron/ccm_wa/wcsu/deps=nathan.caron/deps/SymbolGenerato
r/obj/PixmapTracker.o] Error 1
make: *** Waiting for unfinished jobs....
/home/nathan.caron/ccm_wa/wcsu/deps=nathan.caron/deps/SymbolGenerator/cpp/Symbo
logyAbstraction.cpp:21:29: fatal error: api/ContactIcon.h: No such file or dire
ctory
 #include "api/ContactIcon.h"
                             ^
compilation terminated.
make: *** [/home/nathan.caron/ccm_wa/wcsu/deps=nathan.caron/deps/SymbolGenerato
r/obj/SymbologyAbstraction.o] Error 1
Failure in: /home/nathan.caron/ccm_wa/wcsu/deps=nathan.caron/deps/SymbolGenerat
or
/usr/lib/../lib64/crt1.o: In function `_start':
(.text+0x20): undefined reference to `main'
collect2: error: ld returned 1 exit status
make[3]: *** [/home/nathan.caron/ccm_wa/wcsu/proj=nathan.caron/proj/WCS/WCSS/Co
ntactManager/ContactManagerApp/dist/ContactManagerApp] Error 1
make[2]: *** [/home/nathan.caron/ccm_wa/wcsu/proj=nathan.caron/proj/WCS/WCSS/Co
ntactManager/ContactManagerApp/] Error 2
make[1]: *** [/home/nathan.caron/ccm_wa/wcsu/proj=nathan.caron/proj/WCS/WCSS/Co
ntactManager/] Error 2
make: *** [WCSS/] Error 2
make: *** Waiting for unfinished jobs....
/home/nathan.caron/ccm_wa/wcsu/proj=nathan.caron/proj/WCS/WCWP/EngagementManage
r/EngagementManagerApp/cpp/EngagementEditor.cpp: In member function ‘void Engag
ementEditor::handleMoveWeapon(const string&, EngagementEditor::EngagementRefere
nces&, bool, const EngagementEditor::Overrides&, std::string&, bool&, const Pre
setDomain::EditEngagement_t&)’:
/home/nathan.caron/ccm_wa/wcsu/proj=nathan.caron/proj/WCS/WCWP/EngagementManage
r/EngagementManagerApp/cpp/EngagementEditor.cpp:1286:50: warning: ‘weapon_index
_1’ may be used uninitialized in this function [-Wmaybe-uninitialized]
                 to_engagement.engagement_state());
                                                  ^
/home/nathan.caron/ccm_wa/wcsu/proj=nathan.caron/proj/WCS/WCWP/EngagementManage
r/EngagementManagerApp/cpp/EngagementEditor.cpp:1286:50: warning: ‘from_state_1
’ may be used uninitialized in this function [-Wmaybe-uninitialized]
/home/nathan.caron/ccm_wa/wcsu/proj=nathan.caron/proj/WCS/WCWP/EngagementManage
r/EngagementManagerApp/cpp/EngagementEditor.cpp:1286:50: warning: ‘from_id’ may
 be used uninitialized in this function [-Wmaybe-uninitialized]
Failure in: /home/nathan.caron/ccm_wa/wcsu/proj=nathan.caron/proj/WCS
../wcs.mk:707: /home/nathan.caron/ccm_wa/wcsu/proj=nathan.caron/proj/WCS/Exampl
es/deps/BaseApp/user_impl.mk: No such file or directory
make[2]: *** No rule to make target `/home/nathan.caron/ccm_wa/wcsu/proj=nathan
.caron/proj/WCS/Examples/deps/BaseApp/user_impl.mk'.  Stop.
make[1]: *** [/home/nathan.caron/ccm_wa/wcsu/proj=nathan.caron/proj/WCS/Example
s/BaseAppExamples/BaseAppDriver/] Error 2
make: *** [/home/nathan.caron/ccm_wa/wcsu/proj=nathan.caron/proj/WCS/Examples/B
aseAppExamples/] Error 2
Failure in: /home/nathan.caron/ccm_wa/wcsu/proj=nathan.caron/proj/WCS/Examples
/usr/lib/../lib64/crt1.o: In function `_start':
(.text+0x20): undefined reference to `main'
collect2: error: ld returned 1 exit status
make[2]: *** [/home/nathan.caron/ccm_wa/wcsu/proj=nathan.caron/proj/WCS/WCSS/Co
ntactManager/ContactManagerApp/dist/ContactManagerApp] Error 1
make[1]: *** [/home/nathan.caron/ccm_wa/wcsu/proj=nathan.caron/proj/WCS/WCSS/Co
ntactManager/ContactManagerApp/] Error 2
make: *** [/home/nathan.caron/ccm_wa/wcsu/proj=nathan.caron/proj/WCS/WCSS/Conta
ctManager/] Error 2
make: *** Waiting for unfinished jobs....
In file included from /home/nathan.caron/ccm_wa/wcsu/proj=nathan.caron/proj/WCS
/WCSS/DrawingController/DrawingControllerAdcapPlugin/cpp/ADCAPPluginFrameworkIn
terface.cpp:28:0:
/home/nathan.caron/ccm_wa/wcsu/proj=nathan.caron/proj/WCS/WCSS/DrawingControlle
r/DrawingControllerAdcapPlugin/cpp/ADCAPPluginFrameworkInterface.h:66:30: error
: ‘DCPluginInterface’ does not name a type
     virtual void init( const DCPluginInterface plugin_int );
                              ^
/home/nathan.caron/ccm_wa/wcsu/proj=nathan.caron/proj/WCS/WCSS/DrawingControlle
r/DrawingControllerAdcapPlugin/cpp/ADCAPPluginFrameworkInterface.h:66:48: error
: ISO C++ forbids declaration of ‘plugin_int’ with no type [-fpermissive]
     virtual void init( const DCPluginInterface plugin_int );
                                                ^
/home/nathan.caron/ccm_wa/wcsu/proj=nathan.caron/proj/WCS/WCSS/DrawingControlle
r/DrawingControllerAdcapPlugin/cpp/ADCAPPluginFrameworkInterface.h:108:5: error
: ‘DrawingControllerData’ does not name a type
     DrawingControllerData *m_drawing_cont_data;
     ^
/home/nathan.caron/ccm_wa/wcsu/proj=nathan.caron/proj/WCS/WCSS/DrawingControlle
r/DrawingControllerAdcapPlugin/cpp/ADCAPPluginFrameworkInterface.h:113:11: erro
r: ‘DCPluginInterface’ does not name a type
     const DCPluginInterface *m_plugin_int;
           ^
/home/nathan.caron/ccm_wa/wcsu/proj=nathan.caron/proj/WCS/WCSS/DrawingControlle
r/DrawingControllerAdcapPlugin/cpp/ADCAPPluginFrameworkInterface.cpp:48:49: err
or: ‘DCPluginInterface’ does not name a type
 void ADCAPPluginFrameworkInterface::init( const DCPluginInterface plugin_int )
                                                 ^
/home/nathan.caron/ccm_wa/wcsu/proj=nathan.caron/proj/WCS/WCSS/DrawingControlle
r/DrawingControllerAdcapPlugin/cpp/ADCAPPluginFrameworkInterface.cpp:48:67: err
or: ISO C++ forbids declaration of ‘plugin_int’ with no type [-fpermissive]
 void ADCAPPluginFrameworkInterface::init( const DCPluginInterface plugin_int )
                                                                   ^
/home/nathan.caron/ccm_wa/wcsu/proj=nathan.caron/proj/WCS/WCSS/DrawingControlle
r/DrawingControllerAdcapPlugin/cpp/ADCAPPluginFrameworkInterface.cpp:48:6: erro
r: unused parameter ‘plugin_int’ [-Werror=unused-parameter]
 void ADCAPPluginFrameworkInterface::init( const DCPluginInterface plugin_int )
      ^
/home/nathan.caron/ccm_wa/wcsu/proj=nathan.caron/proj/WCS/WCSS/DrawingControlle
r/DrawingControllerAdcapPlugin/cpp/ADCAPPluginFrameworkInterface.cpp:106:12: er
ror: ‘DCPluginInterface’ does not name a type
 extern "C" DCPluginInterface * create( void ){
            ^
/home/nathan.caron/ccm_wa/wcsu/proj=nathan.caron/proj/WCS/WCSS/DrawingControlle
r/DrawingControllerAdcapPlugin/cpp/ADCAPPluginFrameworkInterface.cpp:121:26: er
ror: variable or field ‘destroy’ declared void
 extern "C" void destroy( DCPluginInterface* p ){
                          ^
/home/nathan.caron/ccm_wa/wcsu/proj=nathan.caron/proj/WCS/WCSS/DrawingControlle
r/DrawingControllerAdcapPlugin/cpp/ADCAPPluginFrameworkInterface.cpp:121:26: er
ror: ‘DCPluginInterface’ was not declared in this scope
/home/nathan.caron/ccm_wa/wcsu/proj=nathan.caron/proj/WCS/WCSS/DrawingControlle
r/DrawingControllerAdcapPlugin/cpp/ADCAPPluginFrameworkInterface.cpp:121:45: er
ror: ‘p’ was not declared in this scope
 extern "C" void destroy( DCPluginInterface* p ){
                                             ^
cc1plus: all warnings being treated as errors
make[2]: *** [/home/nathan.caron/ccm_wa/wcsu/proj=nathan.caron/proj/WCS/WCSS/Dr
awingController/DrawingControllerAdcapPlugin/obj/ADCAPPluginFrameworkInterface.
o] Error 1
make[1]: *** [/home/nathan.caron/ccm_wa/wcsu/proj=nathan.caron/proj/WCS/WCSS/Dr
awingController/DrawingControllerAdcapPlugin/] Error 2
make[1]: *** Waiting for unfinished jobs....
/home/nathan.caron/ccm_wa/wcsu/proj=nathan.caron/proj/WCS/WCSS/DrawingControlle
r/DrawingControllerApp/cpp/CombatOwnshipInformationStore.cpp: In member functio
n ‘bool CombatOwnshipInformationStore::hasData()’:
/home/nathan.caron/ccm_wa/wcsu/proj=nathan.caron/proj/WCS/WCSS/DrawingControlle
r/DrawingControllerApp/cpp/CombatOwnshipInformationStore.cpp:59:36: error: ‘cla
ss NavigationDomain::combatOwnshipInformation_m’ has no member named ‘status_si
ze’
     if (m_combat_ownship_info_data.status_size() > 0)
                                    ^
make[2]: *** [/home/nathan.caron/ccm_wa/wcsu/proj=nathan.caron/proj/WCS/WCSS/Dr
awingController/DrawingControllerApp/obj/CombatOwnshipInformationStore.o] Error
 1
make[2]: *** Waiting for unfinished jobs....
/home/nathan.caron/ccm_wa/wcsu/proj=nathan.caron/proj/WCS/WCSS/DrawingControlle
r/DrawingControllerApp/cpp/ADCAPOverlayDataStore.cpp: In member function ‘bool
ADCAPOverlayDataStore::hasData()’:
/home/nathan.caron/ccm_wa/wcsu/proj=nathan.caron/proj/WCS/WCSS/DrawingControlle
r/DrawingControllerApp/cpp/ADCAPOverlayDataStore.cpp:106:30: error: ‘class Oper
atingPictureDomain::adcapOverlayData_m’ has no member named ‘status_size’
     if (m_adcap_overlay_data.status_size() > 0)
                              ^
In file included from /home/nathan.caron/ccm_wa/wcsu/proj=nathan.caron/proj/WCS
/WCSS/DrawingController/DrawingControllerApp/cpp/CMOverlayDataStore.cpp:29:0:
/home/nathan.caron/ccm_wa/wcsu/proj=nathan.caron/proj/WCS/WCSS/DrawingControlle
r/DrawingControllerApp/cpp/CMOverlayDataStore.h:97:5: error: ‘cmOverlayData_m
’ in namespace ‘OperatingPictureDomain’ does not name a type
     OperatingPictureDomain::cmOverlayData_m getData( void );
     ^
/home/nathan.caron/ccm_wa/wcsu/proj=nathan.caron/proj/WCS/WCSS/DrawingControlle
r/DrawingControllerApp/cpp/CMOverlayDataStore.h:136:5: error: ‘cmOverlayData_m
’ in namespace ‘OperatingPictureDomain’ does not name a type
     OperatingPictureDomain::cmOverlayData_m m_cm_overlay_data;
     ^
/home/nathan.caron/ccm_wa/wcsu/proj=nathan.caron/proj/WCS/WCSS/DrawingControlle
r/DrawingControllerApp/cpp/CMOverlayDataStore.cpp: In member function ‘bool CMO
verlayDataStore::hasData()’:
/home/nathan.caron/ccm_wa/wcsu/proj=nathan.caron/proj/WCS/WCSS/DrawingControlle
r/DrawingControllerApp/cpp/CMOverlayDataStore.cpp:60:9: error: ‘m_cm_overlay_da
ta’ was not declared in this scope
     if (m_cm_overlay_data.status_size() > 0)
         ^
/home/nathan.caron/ccm_wa/wcsu/proj=nathan.caron/proj/WCS/WCSS/DrawingControlle
r/DrawingControllerApp/cpp/CMOverlayDataStore.cpp: At global scope:
/home/nathan.caron/ccm_wa/wcsu/proj=nathan.caron/proj/WCS/WCSS/DrawingControlle
r/DrawingControllerApp/cpp/CMOverlayDataStore.cpp:76:1: error: ‘cmOverlayData_m
’ in namespace ‘OperatingPictureDomain’ does not name a type
 OperatingPictureDomain::cmOverlayData_m CMOverlayDataStore::getData( void )
 ^
make[2]: *** [/home/nathan.caron/ccm_wa/wcsu/proj=nathan.caron/proj/WCS/WCSS/Dr
awingController/DrawingControllerApp/obj/ADCAPOverlayDataStore.o] Error 1
make[2]: *** [/home/nathan.caron/ccm_wa/wcsu/proj=nathan.caron/proj/WCS/WCSS/Dr
awingController/DrawingControllerApp/obj/CMOverlayDataStore.o] Error 1
make[1]: *** [/home/nathan.caron/ccm_wa/wcsu/proj=nathan.caron/proj/WCS/WCSS/Dr
awingController/DrawingControllerApp/] Error 2
In file included from /home/nathan.caron/ccm_wa/wcsu/proj=nathan.caron/proj/WCS
/WCSS/DrawingController/DrawingControllerCommon/cpp/DCFrameworkInterface.h:39:0
,
                 from /home/nathan.caron/ccm_wa/wcsu/proj=nathan.caron/proj/WCS
/WCSS/DrawingController/DrawingControllerCommon/cpp/DCFrameworkInterface.cpp:29
:
/home/nathan.caron/ccm_wa/wcsu/proj=nathan.caron/proj/WCS/WCSS/DrawingControlle
r/DrawingControllerCommon/cpp/DrawingControllerData.h:63:5: error: ‘cmOverlayDa
ta_m’ in namespace ‘OperatingPictureDomain’ does not name a type
     OperatingPictureDomain::cmOverlayData_m cm_overlay_data;
     ^
/home/nathan.caron/ccm_wa/wcsu/proj=nathan.caron/proj/WCS/WCSS/DrawingControlle
r/DrawingControllerCommon/cpp/DrawingControllerData.h:71:5: error: ‘contactRepo
rt_m’ in namespace ‘OperatingPictureDomain’ does not name a type
     OperatingPictureDomain::contactReport_m contact_report_data;
     ^
/home/nathan.caron/ccm_wa/wcsu/proj=nathan.caron/proj/WCS/WCSS/DrawingControlle
r/DrawingControllerCommon/cpp/DrawingControllerData.h:75:5: error: ‘fence_m’ in
 namespace ‘OperatingPictureDomain’ does not name a type
     OperatingPictureDomain::fence_m fence_data;
     ^
In file included from /home/nathan.caron/ccm_wa/wcsu/proj=nathan.caron/proj/WCS
/WCSS/DrawingController/DrawingControllerCommon/cpp/DCFrameworkInterface.cpp:29
:0:
/home/nathan.caron/ccm_wa/wcsu/proj=nathan.caron/proj/WCS/WCSS/DrawingControlle
r/DrawingControllerCommon/cpp/DCFrameworkInterface.h:60:1: error: expected clas
s-name before ‘{’ token
 {
 ^
/home/nathan.caron/ccm_wa/wcsu/proj=nathan.caron/proj/WCS/WCSS/DrawingControlle
r/DrawingControllerCommon/cpp/DCFrameworkInterface.h:107:63: error: could not c
onvert ‘0’ from ‘int’ to ‘const DCPluginInterface&’
     virtual void init( const DCPluginInterface & plugin_int = 0 ) = 0;
                                                               ^
/home/nathan.caron/ccm_wa/wcsu/proj=nathan.caron/proj/WCS/WCSS/DrawingControlle
r/DrawingControllerCommon/cpp/DCFrameworkInterface.h:121:41: error: conflicting
 declaration ‘typedef class DCFrameworkInterface* create_t()’
 typedef DCFrameworkInterface* create_t( );
                                         ^
In file included from /home/nathan.caron/ccm_wa/wcsu/proj=nathan.caron/proj/WCS
/WCSS/DrawingController/DrawingControllerCommon/cpp/DCFrameworkInterface.h:36:0
,
                 from /home/nathan.caron/ccm_wa/wcsu/proj=nathan.caron/proj/WCS
/WCSS/DrawingController/DrawingControllerCommon/cpp/DCFrameworkInterface.cpp:29
:
/home/nathan.caron/ccm_wa/wcsu/proj=nathan.caron/proj/WCS/WCSS/DrawingControlle
r/DrawingControllerCommon/cpp/DCPluginInterface.h:88:28: error: ‘create_t’ has
a previous declaration as ‘typedef class DCPluginInterface* create_t()’
 typedef DCPluginInterface* create_t( );
                            ^
In file included from /home/nathan.caron/ccm_wa/wcsu/proj=nathan.caron/proj/WCS
/WCSS/DrawingController/DrawingControllerCommon/cpp/DCFrameworkInterface.cpp:29
:0:
/home/nathan.caron/ccm_wa/wcsu/proj=nathan.caron/proj/WCS/WCSS/DrawingControlle
r/DrawingControllerCommon/cpp/DCFrameworkInterface.h:126:45: error: conflicting
 declaration ‘typedef void destroy_t(class DCFrameworkInterface*)’
 typedef void destroy_t(DCFrameworkInterface*);
                                             ^
In file included from /home/nathan.caron/ccm_wa/wcsu/proj=nathan.caron/proj/WCS
/WCSS/DrawingController/DrawingControllerCommon/cpp/DCFrameworkInterface.h:36:0
,
                 from /home/nathan.caron/ccm_wa/wcsu/proj=nathan.caron/proj/WCS
/WCSS/DrawingController/DrawingControllerCommon/cpp/DCFrameworkInterface.cpp:29
:
/home/nathan.caron/ccm_wa/wcsu/proj=nathan.caron/proj/WCS/WCSS/DrawingControlle
r/DrawingControllerCommon/cpp/DCPluginInterface.h:93:14: error: ‘destroy_t’ has
 a previous declaration as ‘typedef void destroy_t(class DCPluginInterface*)’
 typedef void destroy_t(DCPluginInterface*);
              ^
make[2]: *** [/home/nathan.caron/ccm_wa/wcsu/proj=nathan.caron/proj/WCS/WCSS/Dr
awingController/DrawingControllerCommon/obj/DCFrameworkInterface.o] Error 1
make[1]: *** [/home/nathan.caron/ccm_wa/wcsu/proj=nathan.caron/proj/WCS/WCSS/Dr
awingController/DrawingControllerCommon/] Error 2
make: *** [/home/nathan.caron/ccm_wa/wcsu/proj=nathan.caron/proj/WCS/WCSS/Drawi
ngController/] Error 2
Failure in: /home/nathan.caron/ccm_wa/wcsu/proj=nathan.caron/proj/WCS/WCSS
In file included from /home/nathan.caron/ccm_wa/wcsu/proj=nathan.caron/proj/WCS
/WCSS/DrawingController/DrawingControllerCountermeasurePlugin/cpp/CMPluginFrame
workInterface.cpp:28:0:
/home/nathan.caron/ccm_wa/wcsu/proj=nathan.caron/proj/WCS/WCSS/DrawingControlle
r/DrawingControllerCountermeasurePlugin/cpp/CMPluginFrameworkInterface.h:77:30:
 error: ‘DCPluginInterface’ does not name a type
     virtual void init( const DCPluginInterface plugin_int );
                              ^
/home/nathan.caron/ccm_wa/wcsu/proj=nathan.caron/proj/WCS/WCSS/DrawingControlle
r/DrawingControllerCountermeasurePlugin/cpp/CMPluginFrameworkInterface.h:77:48:
 error: ISO C++ forbids declaration of ‘plugin_int’ with no type [-fpermissive]
     virtual void init( const DCPluginInterface plugin_int );
                                                ^
/home/nathan.caron/ccm_wa/wcsu/proj=nathan.caron/proj/WCS/WCSS/DrawingControlle
r/DrawingControllerCountermeasurePlugin/cpp/CMPluginFrameworkInterface.h:121:5:
 error: ‘DrawingControllerData’ does not name a type
     DrawingControllerData *m_drawing_cont_data;
     ^
/home/nathan.caron/ccm_wa/wcsu/proj=nathan.caron/proj/WCS/WCSS/DrawingControlle
r/DrawingControllerCountermeasurePlugin/cpp/CMPluginFrameworkInterface.h:126:11
: error: ‘DCPluginInterface’ does not name a type
     const DCPluginInterface *m_plugin_int;
           ^
/home/nathan.caron/ccm_wa/wcsu/proj=nathan.caron/proj/WCS/WCSS/DrawingControlle
r/DrawingControllerCountermeasurePlugin/cpp/CMPluginFrameworkInterface.cpp:52:4
6: error: ‘DCPluginInterface’ does not name a type
 void CMPluginFrameworkInterface::init( const DCPluginInterface plugin_int )
                                              ^
/home/nathan.caron/ccm_wa/wcsu/proj=nathan.caron/proj/WCS/WCSS/DrawingControlle
r/DrawingControllerCountermeasurePlugin/cpp/CMPluginFrameworkInterface.cpp:52:6
4: error: ISO C++ forbids declaration of ‘plugin_int’ with no type [-fpermissiv
e]
 void CMPluginFrameworkInterface::init( const DCPluginInterface plugin_int )
                                                                ^
/home/nathan.caron/ccm_wa/wcsu/proj=nathan.caron/proj/WCS/WCSS/DrawingControlle
r/DrawingControllerCountermeasurePlugin/cpp/CMPluginFrameworkInterface.cpp:52:6
: error: unused parameter ‘plugin_int’ [-Werror=unused-parameter]
 void CMPluginFrameworkInterface::init( const DCPluginInterface plugin_int )
      ^
/home/nathan.caron/ccm_wa/wcsu/proj=nathan.caron/proj/WCS/WCSS/DrawingControlle
r/DrawingControllerCountermeasurePlugin/cpp/CMPluginFrameworkInterface.cpp:125:
12: error: ‘DCPluginInterface’ does not name a type
 extern "C" DCPluginInterface * create( void ){
            ^
/home/nathan.caron/ccm_wa/wcsu/proj=nathan.caron/proj/WCS/WCSS/DrawingControlle
r/DrawingControllerCountermeasurePlugin/cpp/CMPluginFrameworkInterface.cpp:140:
26: error: variable or field ‘destroy’ declared void
 extern "C" void destroy( DCPluginInterface* p ){
                          ^
/home/nathan.caron/ccm_wa/wcsu/proj=nathan.caron/proj/WCS/WCSS/DrawingControlle
r/DrawingControllerCountermeasurePlugin/cpp/CMPluginFrameworkInterface.cpp:140:
26: error: ‘DCPluginInterface’ was not declared in this scope
/home/nathan.caron/ccm_wa/wcsu/proj=nathan.caron/proj/WCS/WCSS/DrawingControlle
r/DrawingControllerCountermeasurePlugin/cpp/CMPluginFrameworkInterface.cpp:140:
45: error: ‘p’ was not declared in this scope
 extern "C" void destroy( DCPluginInterface* p ){
                                             ^
cc1plus: all warnings being treated as errors
make[1]: *** [/home/nathan.caron/ccm_wa/wcsu/proj=nathan.caron/proj/WCS/WCSS/Dr
awingController/DrawingControllerCountermeasurePlugin/obj/CMPluginFrameworkInte
rface.o] Error 1
make: *** [/home/nathan.caron/ccm_wa/wcsu/proj=nathan.caron/proj/WCS/WCSS/Drawi
ngController/DrawingControllerCountermeasurePlugin/] Error 2
make: *** Waiting for unfinished jobs....
In file included from /home/nathan.caron/ccm_wa/wcsu/proj=nathan.caron/proj/WCS
/WCSS/DrawingController/DrawingControllerAdcapPlugin/cpp/ADCAPPluginFrameworkIn
terface.cpp:28:0:
/home/nathan.caron/ccm_wa/wcsu/proj=nathan.caron/proj/WCS/WCSS/DrawingControlle
r/DrawingControllerAdcapPlugin/cpp/ADCAPPluginFrameworkInterface.h:66:30: error
: ‘DCPluginInterface’ does not name a type
     virtual void init( const DCPluginInterface plugin_int );
                              ^
/home/nathan.caron/ccm_wa/wcsu/proj=nathan.caron/proj/WCS/WCSS/DrawingControlle
r/DrawingControllerAdcapPlugin/cpp/ADCAPPluginFrameworkInterface.h:66:48: error
: ISO C++ forbids declaration of ‘plugin_int’ with no type [-fpermissive]
     virtual void init( const DCPluginInterface plugin_int );
                                                ^
/home/nathan.caron/ccm_wa/wcsu/proj=nathan.caron/proj/WCS/WCSS/DrawingControlle
r/DrawingControllerAdcapPlugin/cpp/ADCAPPluginFrameworkInterface.h:108:5: error
: ‘DrawingControllerData’ does not name a type
     DrawingControllerData *m_drawing_cont_data;
     ^
/home/nathan.caron/ccm_wa/wcsu/proj=nathan.caron/proj/WCS/WCSS/DrawingControlle
r/DrawingControllerAdcapPlugin/cpp/ADCAPPluginFrameworkInterface.h:113:11: erro
r: ‘DCPluginInterface’ does not name a type
     const DCPluginInterface *m_plugin_int;
           ^
/home/nathan.caron/ccm_wa/wcsu/proj=nathan.caron/proj/WCS/WCSS/DrawingControlle
r/DrawingControllerAdcapPlugin/cpp/ADCAPPluginFrameworkInterface.cpp:48:49: err
or: ‘DCPluginInterface’ does not name a type
 void ADCAPPluginFrameworkInterface::init( const DCPluginInterface plugin_int )
                                                 ^
/home/nathan.caron/ccm_wa/wcsu/proj=nathan.caron/proj/WCS/WCSS/DrawingControlle
r/DrawingControllerAdcapPlugin/cpp/ADCAPPluginFrameworkInterface.cpp:48:67: err
or: ISO C++ forbids declaration of ‘plugin_int’ with no type [-fpermissive]
 void ADCAPPluginFrameworkInterface::init( const DCPluginInterface plugin_int )
                                                                   ^
/home/nathan.caron/ccm_wa/wcsu/proj=nathan.caron/proj/WCS/WCSS/DrawingControlle
r/DrawingControllerAdcapPlugin/cpp/ADCAPPluginFrameworkInterface.cpp:48:6: erro
r: unused parameter ‘plugin_int’ [-Werror=unused-parameter]
 void ADCAPPluginFrameworkInterface::init( const DCPluginInterface plugin_int )
      ^
/home/nathan.caron/ccm_wa/wcsu/proj=nathan.caron/proj/WCS/WCSS/DrawingControlle
r/DrawingControllerAdcapPlugin/cpp/ADCAPPluginFrameworkInterface.cpp:106:12: er
ror: ‘DCPluginInterface’ does not name a type
 extern "C" DCPluginInterface * create( void ){
            ^
/home/nathan.caron/ccm_wa/wcsu/proj=nathan.caron/proj/WCS/WCSS/DrawingControlle
r/DrawingControllerAdcapPlugin/cpp/ADCAPPluginFrameworkInterface.cpp:121:26: er
ror: variable or field ‘destroy’ declared void
 extern "C" void destroy( DCPluginInterface* p ){
                          ^
/home/nathan.caron/ccm_wa/wcsu/proj=nathan.caron/proj/WCS/WCSS/DrawingControlle
r/DrawingControllerAdcapPlugin/cpp/ADCAPPluginFrameworkInterface.cpp:121:26: er
ror: ‘DCPluginInterface’ was not declared in this scope
/home/nathan.caron/ccm_wa/wcsu/proj=nathan.caron/proj/WCS/WCSS/DrawingControlle
r/DrawingControllerAdcapPlugin/cpp/ADCAPPluginFrameworkInterface.cpp:121:45: er
ror: ‘p’ was not declared in this scope
 extern "C" void destroy( DCPluginInterface* p ){
                                             ^
cc1plus: all warnings being treated as errors
make[1]: *** [/home/nathan.caron/ccm_wa/wcsu/proj=nathan.caron/proj/WCS/WCSS/Dr
awingController/DrawingControllerAdcapPlugin/obj/ADCAPPluginFrameworkInterface.
o] Error 1
make: *** [/home/nathan.caron/ccm_wa/wcsu/proj=nathan.caron/proj/WCS/WCSS/Drawi
ngController/DrawingControllerAdcapPlugin/] Error 2
/home/nathan.caron/ccm_wa/wcsu/proj=nathan.caron/proj/WCS/WCSS/DrawingControlle
r/DrawingControllerApp/cpp/ADCAPOverlayDataStore.cpp: In member function ‘bool
ADCAPOverlayDataStore::hasData()’:
/home/nathan.caron/ccm_wa/wcsu/proj=nathan.caron/proj/WCS/WCSS/DrawingControlle
r/DrawingControllerApp/cpp/ADCAPOverlayDataStore.cpp:106:30: error: ‘class Oper
atingPictureDomain::adcapOverlayData_m’ has no member named ‘status_size’
     if (m_adcap_overlay_data.status_size() > 0)
                              ^
make[1]: *** [/home/nathan.caron/ccm_wa/wcsu/proj=nathan.caron/proj/WCS/WCSS/Dr
awingController/DrawingControllerApp/obj/ADCAPOverlayDataStore.o] Error 1
make[1]: *** Waiting for unfinished jobs....
/home/nathan.caron/ccm_wa/wcsu/proj=nathan.caron/proj/WCS/WCSS/DrawingControlle
r/DrawingControllerApp/cpp/CombatOwnshipInformationStore.cpp: In member functio
n ‘bool CombatOwnshipInformationStore::hasData()’:
/home/nathan.caron/ccm_wa/wcsu/proj=nathan.caron/proj/WCS/WCSS/DrawingControlle
r/DrawingControllerApp/cpp/CombatOwnshipInformationStore.cpp:59:36: error: ‘cla
ss NavigationDomain::combatOwnshipInformation_m’ has no member named ‘status_si
ze’
     if (m_combat_ownship_info_data.status_size() > 0)
                                    ^
make[1]: *** [/home/nathan.caron/ccm_wa/wcsu/proj=nathan.caron/proj/WCS/WCSS/Dr
awingController/DrawingControllerApp/obj/CombatOwnshipInformationStore.o] Error
 1
In file included from /home/nathan.caron/ccm_wa/wcsu/proj=nathan.caron/proj/WCS
/WCSS/DrawingController/DrawingControllerApp/cpp/CMOverlayDataStore.cpp:29:0:
/home/nathan.caron/ccm_wa/wcsu/proj=nathan.caron/proj/WCS/WCSS/DrawingControlle
r/DrawingControllerApp/cpp/CMOverlayDataStore.h:97:5: error: ‘cmOverlayData_m
’ in namespace ‘OperatingPictureDomain’ does not name a type
     OperatingPictureDomain::cmOverlayData_m getData( void );
     ^
/home/nathan.caron/ccm_wa/wcsu/proj=nathan.caron/proj/WCS/WCSS/DrawingControlle
r/DrawingControllerApp/cpp/CMOverlayDataStore.h:136:5: error: ‘cmOverlayData_m
’ in namespace ‘OperatingPictureDomain’ does not name a type
     OperatingPictureDomain::cmOverlayData_m m_cm_overlay_data;
     ^
/home/nathan.caron/ccm_wa/wcsu/proj=nathan.caron/proj/WCS/WCSS/DrawingControlle
r/DrawingControllerApp/cpp/CMOverlayDataStore.cpp: In member function ‘bool CMO
verlayDataStore::hasData()’:
/home/nathan.caron/ccm_wa/wcsu/proj=nathan.caron/proj/WCS/WCSS/DrawingControlle
r/DrawingControllerApp/cpp/CMOverlayDataStore.cpp:60:9: error: ‘m_cm_overlay_da
ta’ was not declared in this scope
     if (m_cm_overlay_data.status_size() > 0)
         ^
/home/nathan.caron/ccm_wa/wcsu/proj=nathan.caron/proj/WCS/WCSS/DrawingControlle
r/DrawingControllerApp/cpp/CMOverlayDataStore.cpp: At global scope:
/home/nathan.caron/ccm_wa/wcsu/proj=nathan.caron/proj/WCS/WCSS/DrawingControlle
r/DrawingControllerApp/cpp/CMOverlayDataStore.cpp:76:1: error: ‘cmOverlayData_m
’ in namespace ‘OperatingPictureDomain’ does not name a type
 OperatingPictureDomain::cmOverlayData_m CMOverlayDataStore::getData( void )
 ^
make[1]: *** [/home/nathan.caron/ccm_wa/wcsu/proj=nathan.caron/proj/WCS/WCSS/Dr
awingController/DrawingControllerApp/obj/CMOverlayDataStore.o] Error 1
make: *** [/home/nathan.caron/ccm_wa/wcsu/proj=nathan.caron/proj/WCS/WCSS/Drawi
ngController/DrawingControllerApp/] Error 2
In file included from /home/nathan.caron/ccm_wa/wcsu/proj=nathan.caron/proj/WCS
/WCSS/DrawingController/DrawingControllerCommon/cpp/DCFrameworkInterface.h:39:0
,
                 from /home/nathan.caron/ccm_wa/wcsu/proj=nathan.caron/proj/WCS
/WCSS/DrawingController/DrawingControllerCommon/cpp/DCFrameworkInterface.cpp:29
:
/home/nathan.caron/ccm_wa/wcsu/proj=nathan.caron/proj/WCS/WCSS/DrawingControlle
r/DrawingControllerCommon/cpp/DrawingControllerData.h:63:5: error: ‘cmOverlayDa
ta_m’ in namespace ‘OperatingPictureDomain’ does not name a type
     OperatingPictureDomain::cmOverlayData_m cm_overlay_data;
     ^
/home/nathan.caron/ccm_wa/wcsu/proj=nathan.caron/proj/WCS/WCSS/DrawingControlle
r/DrawingControllerCommon/cpp/DrawingControllerData.h:71:5: error: ‘contactRepo
rt_m’ in namespace ‘OperatingPictureDomain’ does not name a type
     OperatingPictureDomain::contactReport_m contact_report_data;
     ^
/home/nathan.caron/ccm_wa/wcsu/proj=nathan.caron/proj/WCS/WCSS/DrawingControlle
r/DrawingControllerCommon/cpp/DrawingControllerData.h:75:5: error: ‘fence_m’ in
 namespace ‘OperatingPictureDomain’ does not name a type
     OperatingPictureDomain::fence_m fence_data;
     ^
In file included from /home/nathan.caron/ccm_wa/wcsu/proj=nathan.caron/proj/WCS
/WCSS/DrawingController/DrawingControllerCommon/cpp/DCFrameworkInterface.cpp:29
:0:
/home/nathan.caron/ccm_wa/wcsu/proj=nathan.caron/proj/WCS/WCSS/DrawingControlle
r/DrawingControllerCommon/cpp/DCFrameworkInterface.h:60:1: error: expected clas
s-name before ‘{’ token
 {
 ^
/home/nathan.caron/ccm_wa/wcsu/proj=nathan.caron/proj/WCS/WCSS/DrawingControlle
r/DrawingControllerCommon/cpp/DCFrameworkInterface.h:107:63: error: could not c
onvert ‘0’ from ‘int’ to ‘const DCPluginInterface&’
     virtual void init( const DCPluginInterface & plugin_int = 0 ) = 0;
                                                               ^
/home/nathan.caron/ccm_wa/wcsu/proj=nathan.caron/proj/WCS/WCSS/DrawingControlle
r/DrawingControllerCommon/cpp/DCFrameworkInterface.h:121:41: error: conflicting
 declaration ‘typedef class DCFrameworkInterface* create_t()’
 typedef DCFrameworkInterface* create_t( );
                                         ^
In file included from /home/nathan.caron/ccm_wa/wcsu/proj=nathan.caron/proj/WCS
/WCSS/DrawingController/DrawingControllerCommon/cpp/DCFrameworkInterface.h:36:0
,
                 from /home/nathan.caron/ccm_wa/wcsu/proj=nathan.caron/proj/WCS
/WCSS/DrawingController/DrawingControllerCommon/cpp/DCFrameworkInterface.cpp:29
:
/home/nathan.caron/ccm_wa/wcsu/proj=nathan.caron/proj/WCS/WCSS/DrawingControlle
r/DrawingControllerCommon/cpp/DCPluginInterface.h:88:28: error: ‘create_t’ has
a previous declaration as ‘typedef class DCPluginInterface* create_t()’
 typedef DCPluginInterface* create_t( );
                            ^
In file included from /home/nathan.caron/ccm_wa/wcsu/proj=nathan.caron/proj/WCS
/WCSS/DrawingController/DrawingControllerCommon/cpp/DCFrameworkInterface.cpp:29
:0:
/home/nathan.caron/ccm_wa/wcsu/proj=nathan.caron/proj/WCS/WCSS/DrawingControlle
r/DrawingControllerCommon/cpp/DCFrameworkInterface.h:126:45: error: conflicting
 declaration ‘typedef void destroy_t(class DCFrameworkInterface*)’
 typedef void destroy_t(DCFrameworkInterface*);
                                             ^
In file included from /home/nathan.caron/ccm_wa/wcsu/proj=nathan.caron/proj/WCS
/WCSS/DrawingController/DrawingControllerCommon/cpp/DCFrameworkInterface.h:36:0
,
                 from /home/nathan.caron/ccm_wa/wcsu/proj=nathan.caron/proj/WCS
/WCSS/DrawingController/DrawingControllerCommon/cpp/DCFrameworkInterface.cpp:29
:
/home/nathan.caron/ccm_wa/wcsu/proj=nathan.caron/proj/WCS/WCSS/DrawingControlle
r/DrawingControllerCommon/cpp/DCPluginInterface.h:93:14: error: ‘destroy_t’ has
 a previous declaration as ‘typedef void destroy_t(class DCPluginInterface*)’
 typedef void destroy_t(DCPluginInterface*);
              ^
make[1]: *** [/home/nathan.caron/ccm_wa/wcsu/proj=nathan.caron/proj/WCS/WCSS/Dr
awingController/DrawingControllerCommon/obj/DCFrameworkInterface.o] Error 1
make: *** [/home/nathan.caron/ccm_wa/wcsu/proj=nathan.caron/proj/WCS/WCSS/Drawi
ngController/DrawingControllerCommon/] Error 2
Failure in: /home/nathan.caron/ccm_wa/wcsu/proj=nathan.caron/proj/WCS/WCSS/Draw
ingController
/home/nathan.caron/ccm_wa/wcsu/proj=nathan.caron/proj/WCS/WCSS/DrawingControlle
r/DrawingControllerApp/cpp/CombatOwnshipInformationStore.cpp: In member functio
n ‘bool CombatOwnshipInformationStore::hasData()’:
/home/nathan.caron/ccm_wa/wcsu/proj=nathan.caron/proj/WCS/WCSS/DrawingControlle
r/DrawingControllerApp/cpp/CombatOwnshipInformationStore.cpp:59:36: error: ‘cla
ss NavigationDomain::combatOwnshipInformation_m’ has no member named ‘status_si
ze’
     if (m_combat_ownship_info_data.status_size() > 0)
                                    ^
make: *** [/home/nathan.caron/ccm_wa/wcsu/proj=nathan.caron/proj/WCS/WCSS/Drawi
ngController/DrawingControllerApp/obj/CombatOwnshipInformationStore.o] Error 1
make: *** Waiting for unfinished jobs....
/home/nathan.caron/ccm_wa/wcsu/proj=nathan.caron/proj/WCS/WCSS/DrawingControlle
r/DrawingControllerApp/cpp/ADCAPOverlayDataStore.cpp: In member function ‘bool
ADCAPOverlayDataStore::hasData()’:
/home/nathan.caron/ccm_wa/wcsu/proj=nathan.caron/proj/WCS/WCSS/DrawingControlle
r/DrawingControllerApp/cpp/ADCAPOverlayDataStore.cpp:106:30: error: ‘class Oper
atingPictureDomain::adcapOverlayData_m’ has no member named ‘status_size’
     if (m_adcap_overlay_data.status_size() > 0)
                              ^
In file included from /home/nathan.caron/ccm_wa/wcsu/proj=nathan.caron/proj/WCS
/WCSS/DrawingController/DrawingControllerApp/cpp/CMOverlayDataStore.cpp:29:0:
/home/nathan.caron/ccm_wa/wcsu/proj=nathan.caron/proj/WCS/WCSS/DrawingControlle
r/DrawingControllerApp/cpp/CMOverlayDataStore.h:97:5: error: ‘cmOverlayData_m
’ in namespace ‘OperatingPictureDomain’ does not name a type
     OperatingPictureDomain::cmOverlayData_m getData( void );
     ^
/home/nathan.caron/ccm_wa/wcsu/proj=nathan.caron/proj/WCS/WCSS/DrawingControlle
r/DrawingControllerApp/cpp/CMOverlayDataStore.h:136:5: error: ‘cmOverlayData_m
’ in namespace ‘OperatingPictureDomain’ does not name a type
     OperatingPictureDomain::cmOverlayData_m m_cm_overlay_data;
     ^
/home/nathan.caron/ccm_wa/wcsu/proj=nathan.caron/proj/WCS/WCSS/DrawingControlle
r/DrawingControllerApp/cpp/CMOverlayDataStore.cpp: In member function ‘bool CMO
verlayDataStore::hasData()’:
/home/nathan.caron/ccm_wa/wcsu/proj=nathan.caron/proj/WCS/WCSS/DrawingControlle
r/DrawingControllerApp/cpp/CMOverlayDataStore.cpp:60:9: error: ‘m_cm_overlay_da
ta’ was not declared in this scope
     if (m_cm_overlay_data.status_size() > 0)
         ^
/home/nathan.caron/ccm_wa/wcsu/proj=nathan.caron/proj/WCS/WCSS/DrawingControlle
r/DrawingControllerApp/cpp/CMOverlayDataStore.cpp: At global scope:
/home/nathan.caron/ccm_wa/wcsu/proj=nathan.caron/proj/WCS/WCSS/DrawingControlle
r/DrawingControllerApp/cpp/CMOverlayDataStore.cpp:76:1: error: ‘cmOverlayData_m
’ in namespace ‘OperatingPictureDomain’ does not name a type
 OperatingPictureDomain::cmOverlayData_m CMOverlayDataStore::getData( void )
 ^
make: *** [/home/nathan.caron/ccm_wa/wcsu/proj=nathan.caron/proj/WCS/WCSS/Drawi
ngController/DrawingControllerApp/obj/ADCAPOverlayDataStore.o] Error 1
In file included from /home/nathan.caron/ccm_wa/wcsu/proj=nathan.caron/proj/WCS
/WCSS/DrawingController/DrawingControllerApp/cpp/ContactReportStore.cpp:29:0:
/home/nathan.caron/ccm_wa/wcsu/proj=nathan.caron/proj/WCS/WCSS/DrawingControlle
r/DrawingControllerApp/cpp/ContactReportStore.h:97:5: error: ‘TacticalPictureDo
main’ does not name a type
     TacticalPictureDomain::contactReport_m getData( void );
     ^
/home/nathan.caron/ccm_wa/wcsu/proj=nathan.caron/proj/WCS/WCSS/DrawingControlle
r/DrawingControllerApp/cpp/ContactReportStore.h:136:5: error: ‘contactReport_m
’ in namespace ‘OperatingPictureDomain’ does not name a type
     OperatingPictureDomain::contactReport_m m_contact_report_data;
     ^
/home/nathan.caron/ccm_wa/wcsu/proj=nathan.caron/proj/WCS/WCSS/DrawingControlle
r/DrawingControllerApp/cpp/ContactReportStore.cpp: In member function ‘bool Con
tactReportStore::hasData()’:
/home/nathan.caron/ccm_wa/wcsu/proj=nathan.caron/proj/WCS/WCSS/DrawingControlle
r/DrawingControllerApp/cpp/ContactReportStore.cpp:58:9: error: ‘m_contact_repor
t_data’ was not declared in this scope
     if (m_contact_report_data.status_size() > 0)
         ^
/home/nathan.caron/ccm_wa/wcsu/proj=nathan.caron/proj/WCS/WCSS/DrawingControlle
r/DrawingControllerApp/cpp/ContactReportStore.cpp: At global scope:
/home/nathan.caron/ccm_wa/wcsu/proj=nathan.caron/proj/WCS/WCSS/DrawingControlle
r/DrawingControllerApp/cpp/ContactReportStore.cpp:73:1: error: ‘TacticalPicture
Domain’ does not name a type
 TacticalPictureDomain::contactReport_m ContactReportStore::getData( void )
 ^
make: *** [/home/nathan.caron/ccm_wa/wcsu/proj=nathan.caron/proj/WCS/WCSS/Drawi
ngController/DrawingControllerApp/obj/CMOverlayDataStore.o] Error 1
make: *** [/home/nathan.caron/ccm_wa/wcsu/proj=nathan.caron/proj/WCS/WCSS/Drawi
ngController/DrawingControllerApp/obj/ContactReportStore.o] Error 1
Failure in: /home/nathan.caron/ccm_wa/wcsu/proj=nathan.caron/proj/WCS/WCSS/Draw
ingController/DrawingControllerApp
In file included from /home/nathan.caron/ccm_wa/wcsu/proj=nathan.caron/proj/WCS
/WCSS/DrawingController/DrawingControllerAdcapPlugin/cpp/ADCAPPluginFrameworkIn
terface.cpp:28:0:
/home/nathan.caron/ccm_wa/wcsu/proj=nathan.caron/proj/WCS/WCSS/DrawingControlle
r/DrawingControllerAdcapPlugin/cpp/ADCAPPluginFrameworkInterface.h:66:30: error
: ‘DCPluginInterface’ does not name a type
     virtual void init( const DCPluginInterface plugin_int );
                              ^
/home/nathan.caron/ccm_wa/wcsu/proj=nathan.caron/proj/WCS/WCSS/DrawingControlle
r/DrawingControllerAdcapPlugin/cpp/ADCAPPluginFrameworkInterface.h:66:48: error
: ISO C++ forbids declaration of ‘plugin_int’ with no type [-fpermissive]
     virtual void init( const DCPluginInterface plugin_int );
                                                ^
/home/nathan.caron/ccm_wa/wcsu/proj=nathan.caron/proj/WCS/WCSS/DrawingControlle
r/DrawingControllerAdcapPlugin/cpp/ADCAPPluginFrameworkInterface.h:108:5: error
: ‘DrawingControllerData’ does not name a type
     DrawingControllerData *m_drawing_cont_data;
     ^
/home/nathan.caron/ccm_wa/wcsu/proj=nathan.caron/proj/WCS/WCSS/DrawingControlle
r/DrawingControllerAdcapPlugin/cpp/ADCAPPluginFrameworkInterface.h:113:11: erro
r: ‘DCPluginInterface’ does not name a type
     const DCPluginInterface *m_plugin_int;
           ^
/home/nathan.caron/ccm_wa/wcsu/proj=nathan.caron/proj/WCS/WCSS/DrawingControlle
r/DrawingControllerAdcapPlugin/cpp/ADCAPPluginFrameworkInterface.cpp:48:49: err
or: ‘DCPluginInterface’ does not name a type
 void ADCAPPluginFrameworkInterface::init( const DCPluginInterface plugin_int )
                                                 ^
/home/nathan.caron/ccm_wa/wcsu/proj=nathan.caron/proj/WCS/WCSS/DrawingControlle
r/DrawingControllerAdcapPlugin/cpp/ADCAPPluginFrameworkInterface.cpp:48:67: err
or: ISO C++ forbids declaration of ‘plugin_int’ with no type [-fpermissive]
 void ADCAPPluginFrameworkInterface::init( const DCPluginInterface plugin_int )
                                                                   ^
/home/nathan.caron/ccm_wa/wcsu/proj=nathan.caron/proj/WCS/WCSS/DrawingControlle
r/DrawingControllerAdcapPlugin/cpp/ADCAPPluginFrameworkInterface.cpp:48:6: erro
r: unused parameter ‘plugin_int’ [-Werror=unused-parameter]
 void ADCAPPluginFrameworkInterface::init( const DCPluginInterface plugin_int )
      ^
/home/nathan.caron/ccm_wa/wcsu/proj=nathan.caron/proj/WCS/WCSS/DrawingControlle
r/DrawingControllerAdcapPlugin/cpp/ADCAPPluginFrameworkInterface.cpp:106:12: er
ror: ‘DCPluginInterface’ does not name a type
 extern "C" DCPluginInterface * create( void ){
            ^
/home/nathan.caron/ccm_wa/wcsu/proj=nathan.caron/proj/WCS/WCSS/DrawingControlle
r/DrawingControllerAdcapPlugin/cpp/ADCAPPluginFrameworkInterface.cpp:121:26: er
ror: variable or field ‘destroy’ declared void
 extern "C" void destroy( DCPluginInterface* p ){
                          ^
/home/nathan.caron/ccm_wa/wcsu/proj=nathan.caron/proj/WCS/WCSS/DrawingControlle
r/DrawingControllerAdcapPlugin/cpp/ADCAPPluginFrameworkInterface.cpp:121:26: er
ror: ‘DCPluginInterface’ was not declared in this scope
/home/nathan.caron/ccm_wa/wcsu/proj=nathan.caron/proj/WCS/WCSS/DrawingControlle
r/DrawingControllerAdcapPlugin/cpp/ADCAPPluginFrameworkInterface.cpp:121:45: er
ror: ‘p’ was not declared in this scope
 extern "C" void destroy( DCPluginInterface* p ){
                                             ^
cc1plus: all warnings being treated as errors
make: *** [/home/nathan.caron/ccm_wa/wcsu/proj=nathan.caron/proj/WCS/WCSS/Drawi
ngController/DrawingControllerAdcapPlugin/obj/ADCAPPluginFrameworkInterface.o]
Error 1
Failure in: /home/nathan.caron/ccm_wa/wcsu/proj=nathan.caron/proj/WCS/WCSS/Draw
ingController/DrawingControllerAdcapPlugin
In file included from /home/nathan.caron/ccm_wa/wcsu/proj=nathan.caron/proj/WCS
/WCSS/DrawingController/DrawingControllerCountermeasurePlugin/cpp/CMPluginFrame
workInterface.cpp:28:0:
/home/nathan.caron/ccm_wa/wcsu/proj=nathan.caron/proj/WCS/WCSS/DrawingControlle
r/DrawingControllerCountermeasurePlugin/cpp/CMPluginFrameworkInterface.h:77:30:
 error: ‘DCPluginInterface’ does not name a type
     virtual void init( const DCPluginInterface plugin_int );
                              ^
/home/nathan.caron/ccm_wa/wcsu/proj=nathan.caron/proj/WCS/WCSS/DrawingControlle
r/DrawingControllerCountermeasurePlugin/cpp/CMPluginFrameworkInterface.h:77:48:
 error: ISO C++ forbids declaration of ‘plugin_int’ with no type [-fpermissive]
     virtual void init( const DCPluginInterface plugin_int );
                                                ^
/home/nathan.caron/ccm_wa/wcsu/proj=nathan.caron/proj/WCS/WCSS/DrawingControlle
r/DrawingControllerCountermeasurePlugin/cpp/CMPluginFrameworkInterface.h:121:5:
 error: ‘DrawingControllerData’ does not name a type
     DrawingControllerData *m_drawing_cont_data;
     ^
/home/nathan.caron/ccm_wa/wcsu/proj=nathan.caron/proj/WCS/WCSS/DrawingControlle
r/DrawingControllerCountermeasurePlugin/cpp/CMPluginFrameworkInterface.h:126:11
: error: ‘DCPluginInterface’ does not name a type
     const DCPluginInterface *m_plugin_int;
           ^
/home/nathan.caron/ccm_wa/wcsu/proj=nathan.caron/proj/WCS/WCSS/DrawingControlle
r/DrawingControllerCountermeasurePlugin/cpp/CMPluginFrameworkInterface.cpp:52:4
6: error: ‘DCPluginInterface’ does not name a type
 void CMPluginFrameworkInterface::init( const DCPluginInterface plugin_int )
                                              ^
/home/nathan.caron/ccm_wa/wcsu/proj=nathan.caron/proj/WCS/WCSS/DrawingControlle
r/DrawingControllerCountermeasurePlugin/cpp/CMPluginFrameworkInterface.cpp:52:6
4: error: ISO C++ forbids declaration of ‘plugin_int’ with no type [-fpermissiv
e]
 void CMPluginFrameworkInterface::init( const DCPluginInterface plugin_int )
                                                                ^
/home/nathan.caron/ccm_wa/wcsu/proj=nathan.caron/proj/WCS/WCSS/DrawingControlle
r/DrawingControllerCountermeasurePlugin/cpp/CMPluginFrameworkInterface.cpp:52:6
: error: unused parameter ‘plugin_int’ [-Werror=unused-parameter]
 void CMPluginFrameworkInterface::init( const DCPluginInterface plugin_int )
      ^
/home/nathan.caron/ccm_wa/wcsu/proj=nathan.caron/proj/WCS/WCSS/DrawingControlle
r/DrawingControllerCountermeasurePlugin/cpp/CMPluginFrameworkInterface.cpp:125:
12: error: ‘DCPluginInterface’ does not name a type
 extern "C" DCPluginInterface * create( void ){
            ^
/home/nathan.caron/ccm_wa/wcsu/proj=nathan.caron/proj/WCS/WCSS/DrawingControlle
r/DrawingControllerCountermeasurePlugin/cpp/CMPluginFrameworkInterface.cpp:140:
26: error: variable or field ‘destroy’ declared void
 extern "C" void destroy( DCPluginInterface* p ){
                          ^
/home/nathan.caron/ccm_wa/wcsu/proj=nathan.caron/proj/WCS/WCSS/DrawingControlle
r/DrawingControllerCountermeasurePlugin/cpp/CMPluginFrameworkInterface.cpp:140:
26: error: ‘DCPluginInterface’ was not declared in this scope
/home/nathan.caron/ccm_wa/wcsu/proj=nathan.caron/proj/WCS/WCSS/DrawingControlle
r/DrawingControllerCountermeasurePlugin/cpp/CMPluginFrameworkInterface.cpp:140:
45: error: ‘p’ was not declared in this scope
 extern "C" void destroy( DCPluginInterface* p ){
                                             ^
cc1plus: all warnings being treated as errors
make: *** [/home/nathan.caron/ccm_wa/wcsu/proj=nathan.caron/proj/WCS/WCSS/Drawi
ngController/DrawingControllerCountermeasurePlugin/obj/CMPluginFrameworkInterfa
ce.o] Error 1
Failure in: /home/nathan.caron/ccm_wa/wcsu/proj=nathan.caron/proj/WCS/WCSS/Draw
ingController/DrawingControllerCountermeasurePlugin
In file included from /home/nathan.caron/ccm_wa/wcsu/proj=nathan.caron/proj/WCS
/WCSS/DrawingController/DrawingControllerCommon/cpp/DCFrameworkInterface.h:39:0
,
                 from /home/nathan.caron/ccm_wa/wcsu/proj=nathan.caron/proj/WCS
/WCSS/DrawingController/DrawingControllerCommon/cpp/DCFrameworkInterface.cpp:29
:
/home/nathan.caron/ccm_wa/wcsu/proj=nathan.caron/proj/WCS/WCSS/DrawingControlle
r/DrawingControllerCommon/cpp/DrawingControllerData.h:63:5: error: ‘cmOverlayDa
ta_m’ in namespace ‘OperatingPictureDomain’ does not name a type
     OperatingPictureDomain::cmOverlayData_m cm_overlay_data;
     ^
/home/nathan.caron/ccm_wa/wcsu/proj=nathan.caron/proj/WCS/WCSS/DrawingControlle
r/DrawingControllerCommon/cpp/DrawingControllerData.h:71:5: error: ‘contactRepo
rt_m’ in namespace ‘OperatingPictureDomain’ does not name a type
     OperatingPictureDomain::contactReport_m contact_report_data;
     ^
/home/nathan.caron/ccm_wa/wcsu/proj=nathan.caron/proj/WCS/WCSS/DrawingControlle
r/DrawingControllerCommon/cpp/DrawingControllerData.h:75:5: error: ‘fence_m’ in
 namespace ‘OperatingPictureDomain’ does not name a type
     OperatingPictureDomain::fence_m fence_data;
     ^
In file included from /home/nathan.caron/ccm_wa/wcsu/proj=nathan.caron/proj/WCS
/WCSS/DrawingController/DrawingControllerCommon/cpp/DCFrameworkInterface.cpp:29
:0:
/home/nathan.caron/ccm_wa/wcsu/proj=nathan.caron/proj/WCS/WCSS/DrawingControlle
r/DrawingControllerCommon/cpp/DCFrameworkInterface.h:60:1: error: expected clas
s-name before ‘{’ token
 {
 ^
/home/nathan.caron/ccm_wa/wcsu/proj=nathan.caron/proj/WCS/WCSS/DrawingControlle
r/DrawingControllerCommon/cpp/DCFrameworkInterface.h:107:63: error: could not c
onvert ‘0’ from ‘int’ to ‘const DCPluginInterface&’
     virtual void init( const DCPluginInterface & plugin_int = 0 ) = 0;
                                                               ^
/home/nathan.caron/ccm_wa/wcsu/proj=nathan.caron/proj/WCS/WCSS/DrawingControlle
r/DrawingControllerCommon/cpp/DCFrameworkInterface.h:121:41: error: conflicting
 declaration ‘typedef class DCFrameworkInterface* create_t()’
 typedef DCFrameworkInterface* create_t( );
                                         ^
In file included from /home/nathan.caron/ccm_wa/wcsu/proj=nathan.caron/proj/WCS
/WCSS/DrawingController/DrawingControllerCommon/cpp/DCFrameworkInterface.h:36:0
,
                 from /home/nathan.caron/ccm_wa/wcsu/proj=nathan.caron/proj/WCS
/WCSS/DrawingController/DrawingControllerCommon/cpp/DCFrameworkInterface.cpp:29
:
/home/nathan.caron/ccm_wa/wcsu/proj=nathan.caron/proj/WCS/WCSS/DrawingControlle
r/DrawingControllerCommon/cpp/DCPluginInterface.h:88:28: error: ‘create_t’ has
a previous declaration as ‘typedef class DCPluginInterface* create_t()’
 typedef DCPluginInterface* create_t( );
                            ^
In file included from /home/nathan.caron/ccm_wa/wcsu/proj=nathan.caron/proj/WCS
/WCSS/DrawingController/DrawingControllerCommon/cpp/DCFrameworkInterface.cpp:29
:0:
/home/nathan.caron/ccm_wa/wcsu/proj=nathan.caron/proj/WCS/WCSS/DrawingControlle
r/DrawingControllerCommon/cpp/DCFrameworkInterface.h:126:45: error: conflicting
 declaration ‘typedef void destroy_t(class DCFrameworkInterface*)’
 typedef void destroy_t(DCFrameworkInterface*);
                                             ^
In file included from /home/nathan.caron/ccm_wa/wcsu/proj=nathan.caron/proj/WCS
/WCSS/DrawingController/DrawingControllerCommon/cpp/DCFrameworkInterface.h:36:0
,
                 from /home/nathan.caron/ccm_wa/wcsu/proj=nathan.caron/proj/WCS
/WCSS/DrawingController/DrawingControllerCommon/cpp/DCFrameworkInterface.cpp:29
:
/home/nathan.caron/ccm_wa/wcsu/proj=nathan.caron/proj/WCS/WCSS/DrawingControlle
r/DrawingControllerCommon/cpp/DCPluginInterface.h:93:14: error: ‘destroy_t’ has
 a previous declaration as ‘typedef void destroy_t(class DCPluginInterface*)’
 typedef void destroy_t(DCPluginInterface*);
              ^
make: *** [/home/nathan.caron/ccm_wa/wcsu/proj=nathan.caron/proj/WCS/WCSS/Drawi
ngController/DrawingControllerCommon/obj/DCFrameworkInterface.o] Error 1
Failure in: /home/nathan.caron/ccm_wa/wcsu/proj=nathan.caron/proj/WCS/WCSS/Draw
ingController/DrawingControllerCommon
In file included from /home/nathan.caron/ccm_wa/wcsu/proj=nathan.caron/proj/WCS
/WCSS/DrawingController/DrawingControllerHarpoonPlugin/cpp/HarpoonPluginFramewo
rkInterface.cpp:28:0:
/home/nathan.caron/ccm_wa/wcsu/proj=nathan.caron/proj/WCS/WCSS/DrawingControlle
r/DrawingControllerHarpoonPlugin/cpp/HarpoonPluginFrameworkInterface.h:66:30: e
rror: ‘DCPluginInterface’ does not name a type
     virtual void init( const DCPluginInterface plugin_int );
                              ^
/home/nathan.caron/ccm_wa/wcsu/proj=nathan.caron/proj/WCS/WCSS/DrawingControlle
r/DrawingControllerHarpoonPlugin/cpp/HarpoonPluginFrameworkInterface.h:66:48: e
rror: ISO C++ forbids declaration of ‘plugin_int’ with no type [-fpermissive]
     virtual void init( const DCPluginInterface plugin_int );
                                                ^
/home/nathan.caron/ccm_wa/wcsu/proj=nathan.caron/proj/WCS/WCSS/DrawingControlle
r/DrawingControllerHarpoonPlugin/cpp/HarpoonPluginFrameworkInterface.h:108:5: e
rror: ‘DrawingControllerData’ does not name a type
     DrawingControllerData *m_drawing_cont_data;
     ^
/home/nathan.caron/ccm_wa/wcsu/proj=nathan.caron/proj/WCS/WCSS/DrawingControlle
r/DrawingControllerHarpoonPlugin/cpp/HarpoonPluginFrameworkInterface.h:113:11:
error: ‘DCPluginInterface’ does not name a type
     const DCPluginInterface *m_plugin_int;
           ^
/home/nathan.caron/ccm_wa/wcsu/proj=nathan.caron/proj/WCS/WCSS/DrawingControlle
r/DrawingControllerHarpoonPlugin/cpp/HarpoonPluginFrameworkInterface.cpp:48:51:
 error: ‘DCPluginInterface’ does not name a type
 void HarpoonPluginFrameworkInterface::init( const DCPluginInterface plugin_int
 )
                                                   ^
/home/nathan.caron/ccm_wa/wcsu/proj=nathan.caron/proj/WCS/WCSS/DrawingControlle
r/DrawingControllerHarpoonPlugin/cpp/HarpoonPluginFrameworkInterface.cpp:48:69:
 error: ISO C++ forbids declaration of ‘plugin_int’ with no type [-fpermissive]
 void HarpoonPluginFrameworkInterface::init( const DCPluginInterface plugin_int
 )
                                                                     ^
/home/nathan.caron/ccm_wa/wcsu/proj=nathan.caron/proj/WCS/WCSS/DrawingControlle
r/DrawingControllerHarpoonPlugin/cpp/HarpoonPluginFrameworkInterface.cpp:48:6:
error: unused parameter ‘plugin_int’ [-Werror=unused-parameter]
 void HarpoonPluginFrameworkInterface::init( const DCPluginInterface plugin_int
 )
      ^
/home/nathan.caron/ccm_wa/wcsu/proj=nathan.caron/proj/WCS/WCSS/DrawingControlle
r/DrawingControllerHarpoonPlugin/cpp/HarpoonPluginFrameworkInterface.cpp:106:12
: error: ‘DCPluginInterface’ does not name a type
 extern "C" DCPluginInterface * create( void ){
            ^
/home/nathan.caron/ccm_wa/wcsu/proj=nathan.caron/proj/WCS/WCSS/DrawingControlle
r/DrawingControllerHarpoonPlugin/cpp/HarpoonPluginFrameworkInterface.cpp:121:26
: error: variable or field ‘destroy’ declared void
 extern "C" void destroy( DCPluginInterface* p ){
                          ^
/home/nathan.caron/ccm_wa/wcsu/proj=nathan.caron/proj/WCS/WCSS/DrawingControlle
r/DrawingControllerHarpoonPlugin/cpp/HarpoonPluginFrameworkInterface.cpp:121:26
: error: ‘DCPluginInterface’ was not declared in this scope
/home/nathan.caron/ccm_wa/wcsu/proj=nathan.caron/proj/WCS/WCSS/DrawingControlle
r/DrawingControllerHarpoonPlugin/cpp/HarpoonPluginFrameworkInterface.cpp:121:45
: error: ‘p’ was not declared in this scope
 extern "C" void destroy( DCPluginInterface* p ){
                                             ^
cc1plus: all warnings being treated as errors
make: *** [/home/nathan.caron/ccm_wa/wcsu/proj=nathan.caron/proj/WCS/WCSS/Drawi
ngController/DrawingControllerHarpoonPlugin/obj/HarpoonPluginFrameworkInterface
.o] Error 1
Failure in: /home/nathan.caron/ccm_wa/wcsu/proj=nathan.caron/proj/WCS/WCSS/Draw
ingController/DrawingControllerHarpoonPlugin
/usr/lib/../lib64/crt1.o: In function `_start':
(.text+0x20): undefined reference to `main'
collect2: error: ld returned 1 exit status
make[1]: *** [/home/nathan.caron/ccm_wa/wcsu/proj=nathan.caron/proj/WCS/WCSS/Co
ntactManager/ContactManagerApp/dist/ContactManagerApp] Error 1
make: *** [/home/nathan.caron/ccm_wa/wcsu/proj=nathan.caron/proj/WCS/WCSS/Conta
ctManager/ContactManagerApp/] Error 2
make: *** Waiting for unfinished jobs....
Failure in: /home/nathan.caron/ccm_wa/wcsu/proj=nathan.caron/proj/WCS/WCSS/Cont
actManager
/usr/lib/../lib64/crt1.o: In function `_start':
(.text+0x20): undefined reference to `main'
collect2: error: ld returned 1 exit status
make: *** [/home/nathan.caron/ccm_wa/wcsu/proj=nathan.caron/proj/WCS/WCSS/Conta
ctManager/ContactManagerApp/dist/ContactManagerApp] Error 1
Failure in: /home/nathan.caron/ccm_wa/wcsu/proj=nathan.caron/proj/WCS/WCSS/Cont
actManager/ContactManagerApp
/home/nathan.caron/ccm_wa/wcsu/proj=nathan.caron/proj/WCS/WCWP/EngagementManage
r/EngagementManagerApp/cpp/EngagementEditor.cpp: In member function ‘void Engag
ementEditor::handleMoveWeapon(const string&, EngagementEditor::EngagementRefere
nces&, bool, const EngagementEditor::Overrides&, std::string&, bool&, const Pre
setDomain::EditEngagement_t&)’:
/home/nathan.caron/ccm_wa/wcsu/proj=nathan.caron/proj/WCS/WCWP/EngagementManage
r/EngagementManagerApp/cpp/EngagementEditor.cpp:1286:50: warning: ‘weapon_index
_1’ may be used uninitialized in this function [-Wmaybe-uninitialized]
                 to_engagement.engagement_state());
                                                  ^
/home/nathan.caron/ccm_wa/wcsu/proj=nathan.caron/proj/WCS/WCWP/EngagementManage
r/EngagementManagerApp/cpp/EngagementEditor.cpp:1286:50: warning: ‘from_state_1
’ may be used uninitialized in this function [-Wmaybe-uninitialized]
/home/nathan.caron/ccm_wa/wcsu/proj=nathan.caron/proj/WCS/WCWP/EngagementManage
r/EngagementManagerApp/cpp/EngagementEditor.cpp:1286:50: warning: ‘from_id’ may
 be used uninitialized in this function [-Wmaybe-uninitialized]
/home/nathan.caron/ccm_wa/wcsu/proj=nathan.caron/proj/WCS/WCWP/EngagementManage
r/EngagementManagerApp/cpp/EngagementEditor.cpp: In member function ‘void Engag
ementEditor::handleMoveWeapon(const string&, EngagementEditor::EngagementRefere
nces&, bool, const EngagementEditor::Overrides&, std::string&, bool&, const Pre
setDomain::EditEngagement_t&)’:
/home/nathan.caron/ccm_wa/wcsu/proj=nathan.caron/proj/WCS/WCWP/EngagementManage
r/EngagementManagerApp/cpp/EngagementEditor.cpp:1286:50: warning: ‘weapon_index
_1’ may be used uninitialized in this function [-Wmaybe-uninitialized]
                 to_engagement.engagement_state());
                                                  ^
/home/nathan.caron/ccm_wa/wcsu/proj=nathan.caron/proj/WCS/WCWP/EngagementManage
r/EngagementManagerApp/cpp/EngagementEditor.cpp:1286:50: warning: ‘from_state_1
’ may be used uninitialized in this function [-Wmaybe-uninitialized]
/home/nathan.caron/ccm_wa/wcsu/proj=nathan.caron/proj/WCS/WCWP/EngagementManage
r/EngagementManagerApp/cpp/EngagementEditor.cpp:1286:50: warning: ‘from_id’ may
 be used uninitialized in this function [-Wmaybe-uninitialized]
/home/nathan.caron/ccm_wa/wcsu/proj=nathan.caron/proj/WCS/WCWP/EngagementManage
r/EngagementManagerApp/cpp/EngagementEditor.cpp: In member function ‘void Engag
ementEditor::handleMoveWeapon(const string&, EngagementEditor::EngagementRefere
nces&, bool, const EngagementEditor::Overrides&, std::string&, bool&, const Pre
setDomain::EditEngagement_t&)’:
/home/nathan.caron/ccm_wa/wcsu/proj=nathan.caron/proj/WCS/WCWP/EngagementManage
r/EngagementManagerApp/cpp/EngagementEditor.cpp:1286:50: warning: ‘weapon_index
_1’ may be used uninitialized in this function [-Wmaybe-uninitialized]
                 to_engagement.engagement_state());
                                                  ^
/home/nathan.caron/ccm_wa/wcsu/proj=nathan.caron/proj/WCS/WCWP/EngagementManage
r/EngagementManagerApp/cpp/EngagementEditor.cpp:1286:50: warning: ‘from_state_1
’ may be used uninitialized in this function [-Wmaybe-uninitialized]
/home/nathan.caron/ccm_wa/wcsu/proj=nathan.caron/proj/WCS/WCWP/EngagementManage
r/EngagementManagerApp/cpp/EngagementEditor.cpp:1286:50: warning: ‘from_id’ may
 be used uninitialized in this function [-Wmaybe-uninitialized]
make: /home/wcsuser/Downloads/qt-everywhere-opensource-src-5.3.1/qtbase/bin/qma
ke: Command not found
make: *** [Makefile] Error 127
Failure in: /home/nathan.caron/ccm_wa/wcsu/proj=nathan.caron/proj/COTS/qt/5.3.1
/examples/declarative/tutorials/gettingStarted/parts/part5/filedialog
/bin/sh: /home/nathan.caron/ccm_wa/wcsu/proj=nathan.caron/proj/COTS/sabtech/v32
8/modules.order: Permission denied
make[2]: *** [/home/nathan.caron/ccm_wa/wcsu/proj=nathan.caron/proj/COTS/sabtec
h/v328/modules.order] Error 1
make[2]: *** Waiting for unfinished jobs....
make[1]: *** [_module_/home/nathan.caron/ccm_wa/wcsu/proj=nathan.caron/proj/COT
S/sabtech/v328] Error 2
make: *** [SwiftDriver] Error 2
Failure in: /home/nathan.caron/ccm_wa/wcsu/proj=nathan.caron/proj/COTS/sabtech/
v328
make: execvp: ./config.status: Permission denied
make: *** [config.status] Error 127
Failure in: /home/nathan.caron/ccm_wa/wcsu/proj=nathan.caron/proj/COTS/less/451
/bin/sh: /home/nathan.caron/ccm_wa/wcsu/proj=nathan.caron/proj/COTS/ntds/v335/m
odules.order: Permission denied
make[2]: *** [/home/nathan.caron/ccm_wa/wcsu/proj=nathan.caron/proj/COTS/ntds/v
335/modules.order] Error 1
make[2]: *** Waiting for unfinished jobs....
make[1]: *** [_module_/home/nathan.caron/ccm_wa/wcsu/proj=nathan.caron/proj/COT
S/ntds/v335] Error 2
make: *** [driver] Error 2
Failure in: /home/nathan.caron/ccm_wa/wcsu/proj=nathan.caron/proj/COTS/ntds/v33
5
************************
Failures:

/wcsu/deps=nathan.caron/deps
/wcsu/deps=nathan.caron/deps/SymbolGenerator
proj/WCS
proj/WCS/Examples
proj/WCS/WCSS
proj/WCS/WCSS/DrawingController
proj/WCS/WCSS/DrawingController/DrawingControllerApp
proj/WCS/WCSS/DrawingController/DrawingControllerAdcapPlugin
proj/WCS/WCSS/DrawingController/DrawingControllerCountermeasurePlugin
proj/WCS/WCSS/DrawingController/DrawingControllerCommon
proj/WCS/WCSS/DrawingController/DrawingControllerHarpoonPlugin
proj/WCS/WCSS/ContactManager
proj/WCS/WCSS/ContactManager/ContactManagerApp
proj/COTS/qt/5.3.1/examples/declarative/tutorials/gettingStarted/parts/part5/fi
ledialog
proj/COTS/sabtech/v328
proj/COTS/less/451
proj/COTS/ntds/v335
This took:  11  minutes and  11  seconds
Finished: SUCCESS

